<?xml version="1.0" encoding="UTF-8"?>
<!-- Generated by org.testng.reporters.JUnitXMLReporter -->
<testsuite hostname="DESKTOP-4IOLA9M" ignored="0" name="Default test" tests="4" failures="0" timestamp="20 Mar 2018 06:24:08 GMT" time="37.0" errors="0">
  <testcase name="test2empty" time="0.307" classname="com.www.Test.TestPom"/>
  <testcase name="test3validuname" time="1.237" classname="com.www.Test.TestPom"/>
  <testcase name="test4validpwd" time="0.818" classname="com.www.Test.TestPom"/>
  <testcase name="test5validdetail" time="2.398" classname="com.www.Test.TestPom"/>
</testsuite> <!-- Default test -->
