<?xml version="1.0" encoding="UTF-8"?>
<testng-results skipped="0" failed="0" ignored="0" total="4" passed="4">
  <reporter-output>
  </reporter-output>
  <suite name="Default suite" duration-ms="37000" started-at="2018-03-20T06:23:31Z" finished-at="2018-03-20T06:24:08Z">
    <groups>
    </groups>
    <test name="Default test" duration-ms="37000" started-at="2018-03-20T06:23:31Z" finished-at="2018-03-20T06:24:08Z">
      <class name="com.www.Test.TestPom">
        <test-method status="PASS" signature="test1()[pri:0, instance:com.www.Test.TestPom@4883b407]" name="test1" is-config="true" duration-ms="7364" started-at="2018-03-20T06:23:31Z" finished-at="2018-03-20T06:23:39Z">
          <reporter-output>
          </reporter-output>
        </test-method> <!-- test1 -->
        <test-method status="PASS" signature="test2empty()[pri:0, instance:com.www.Test.TestPom@4883b407]" name="test2empty" duration-ms="307" started-at="2018-03-20T06:23:39Z" finished-at="2018-03-20T06:23:39Z">
          <reporter-output>
          </reporter-output>
        </test-method> <!-- test2empty -->
        <test-method status="PASS" signature="test1()[pri:0, instance:com.www.Test.TestPom@4883b407]" name="test1" is-config="true" duration-ms="7700" started-at="2018-03-20T06:23:39Z" finished-at="2018-03-20T06:23:47Z">
          <reporter-output>
          </reporter-output>
        </test-method> <!-- test1 -->
        <test-method status="PASS" signature="close()[pri:0, instance:com.www.Test.TestPom@4883b407]" name="close" is-config="true" duration-ms="0" started-at="2018-03-20T06:23:39Z" finished-at="2018-03-20T06:23:39Z">
          <reporter-output>
          </reporter-output>
        </test-method> <!-- close -->
        <test-method status="PASS" signature="test3validuname()[pri:0, instance:com.www.Test.TestPom@4883b407]" name="test3validuname" duration-ms="1237" started-at="2018-03-20T06:23:47Z" finished-at="2018-03-20T06:23:48Z">
          <reporter-output>
          </reporter-output>
        </test-method> <!-- test3validuname -->
        <test-method status="PASS" signature="close()[pri:0, instance:com.www.Test.TestPom@4883b407]" name="close" is-config="true" duration-ms="0" started-at="2018-03-20T06:23:48Z" finished-at="2018-03-20T06:23:48Z">
          <reporter-output>
          </reporter-output>
        </test-method> <!-- close -->
        <test-method status="PASS" signature="test1()[pri:0, instance:com.www.Test.TestPom@4883b407]" name="test1" is-config="true" duration-ms="8908" started-at="2018-03-20T06:23:48Z" finished-at="2018-03-20T06:23:57Z">
          <reporter-output>
          </reporter-output>
        </test-method> <!-- test1 -->
        <test-method status="PASS" signature="test4validpwd()[pri:0, instance:com.www.Test.TestPom@4883b407]" name="test4validpwd" duration-ms="818" started-at="2018-03-20T06:23:57Z" finished-at="2018-03-20T06:23:58Z">
          <reporter-output>
          </reporter-output>
        </test-method> <!-- test4validpwd -->
        <test-method status="PASS" signature="close()[pri:0, instance:com.www.Test.TestPom@4883b407]" name="close" is-config="true" duration-ms="0" started-at="2018-03-20T06:23:58Z" finished-at="2018-03-20T06:23:58Z">
          <reporter-output>
          </reporter-output>
        </test-method> <!-- close -->
        <test-method status="PASS" signature="test1()[pri:0, instance:com.www.Test.TestPom@4883b407]" name="test1" is-config="true" duration-ms="8213" started-at="2018-03-20T06:23:58Z" finished-at="2018-03-20T06:24:06Z">
          <reporter-output>
          </reporter-output>
        </test-method> <!-- test1 -->
        <test-method status="PASS" signature="test5validdetail()[pri:0, instance:com.www.Test.TestPom@4883b407]" name="test5validdetail" duration-ms="2398" started-at="2018-03-20T06:24:06Z" finished-at="2018-03-20T06:24:08Z">
          <reporter-output>
          </reporter-output>
        </test-method> <!-- test5validdetail -->
        <test-method status="PASS" signature="close()[pri:0, instance:com.www.Test.TestPom@4883b407]" name="close" is-config="true" duration-ms="0" started-at="2018-03-20T06:24:08Z" finished-at="2018-03-20T06:24:08Z">
          <reporter-output>
          </reporter-output>
        </test-method> <!-- close -->
      </class> <!-- com.www.Test.TestPom -->
    </test> <!-- Default test -->
  </suite> <!-- Default suite -->
</testng-results>
